<?xml version="1.0" encoding="UTF-8" ?>
<testsuites>
<testsuite name="example" errors="0" tests="1" failures="0" time="0.004" timestamp="2013-11-26T21:04:44">
  <testcase classname="example" name="true should be true" time="0.003"></testcase>
</testsuite>
</testsuites>